  Rules.cpp
  Примечание: включение файла:  C:\Users\MSI-Crosshair16\Documents\vyz\piavy\sem2\kyrsach\kirsov\kirsov\Rules.h
  Примечание: включение файла:   C:\Program Files (x86)\Windows Kits\10\Include\10.0.26100.0\um\windows.h
  Примечание: включение файла:    C:\Program Files (x86)\Windows Kits\10\Include\10.0.26100.0\shared\winapifamily.h
  Примечание: включение файла:     C:\Program Files (x86)\Windows Kits\10\Include\10.0.26100.0\shared\winpackagefamily.h
  Примечание: включение файла:    C:\Program Files (x86)\Windows Kits\10\Include\10.0.26100.0\shared\sdkddkver.h
  Примечание: включение файла:    C:\Program Files\Microsoft Visual Studio\2022\Community\VC\Tools\MSVC\14.44.35207\include\excpt.h
  Примечание: включение файла:     C:\Program Files\Microsoft Visual Studio\2022\Community\VC\Tools\MSVC\14.44.35207\include\vcruntime.h
  Примечание: включение файла:      C:\Program Files\Microsoft Visual Studio\2022\Community\VC\Tools\MSVC\14.44.35207\include\sal.h
  Примечание: включение файла:       C:\Program Files\Microsoft Visual Studio\2022\Community\VC\Tools\MSVC\14.44.35207\include\concurrencysal.h
  Примечание: включение файла:      C:\Program Files\Microsoft Visual Studio\2022\Community\VC\Tools\MSVC\14.44.35207\include\vadefs.h
  Примечание: включение файла:    C:\Program Files\Microsoft Visual Studio\2022\Community\VC\Tools\MSVC\14.44.35207\include\stdarg.h
  Примечание: включение файла:    C:\Program Files (x86)\Windows Kits\10\Include\10.0.26100.0\shared\windef.h
  Примечание: включение файла:     C:\Program Files (x86)\Windows Kits\10\Include\10.0.26100.0\shared\minwindef.h
  Примечание: включение файла:      C:\Program Files (x86)\Windows Kits\10\Include\10.0.26100.0\shared\specstrings.h
  Примечание: включение файла:       C:\Program Files (x86)\Windows Kits\10\Include\10.0.26100.0\shared\specstrings_strict.h
  Примечание: включение файла:        C:\Program Files (x86)\Windows Kits\10\Include\10.0.26100.0\shared\specstrings_undef.h
  Примечание: включение файла:       C:\Program Files (x86)\Windows Kits\10\Include\10.0.26100.0\shared\driverspecs.h
  Примечание: включение файла:        C:\Program Files (x86)\Windows Kits\10\Include\10.0.26100.0\shared\sdv_driverspecs.h
  Примечание: включение файла:      C:\Program Files (x86)\Windows Kits\10\Include\10.0.26100.0\um\winnt.h
  Примечание: включение файла:       C:\Program Files (x86)\Windows Kits\10\Include\10.0.26100.0\ucrt\ctype.h
  Примечание: включение файла:        C:\Program Files (x86)\Windows Kits\10\Include\10.0.26100.0\ucrt\corecrt.h
  Примечание: включение файла:        C:\Program Files (x86)\Windows Kits\10\Include\10.0.26100.0\ucrt\corecrt_wctype.h
  Примечание: включение файла:       C:\Program Files (x86)\Windows Kits\10\Include\10.0.26100.0\shared\kernelspecs.h
  Примечание: включение файла:       C:\Program Files (x86)\Windows Kits\10\Include\10.0.26100.0\shared\basetsd.h
  Примечание: включение файла:       C:\Program Files (x86)\Windows Kits\10\Include\10.0.26100.0\shared\guiddef.h
  Примечание: включение файла:        C:\Program Files (x86)\Windows Kits\10\Include\10.0.26100.0\ucrt\string.h
  Примечание: включение файла:         C:\Program Files (x86)\Windows Kits\10\Include\10.0.26100.0\ucrt\corecrt_memory.h
  Примечание: включение файла:          C:\Program Files (x86)\Windows Kits\10\Include\10.0.26100.0\ucrt\corecrt_memcpy_s.h
  Примечание: включение файла:           C:\Program Files (x86)\Windows Kits\10\Include\10.0.26100.0\ucrt\errno.h
  Примечание: включение файла:           C:\Program Files\Microsoft Visual Studio\2022\Community\VC\Tools\MSVC\14.44.35207\include\vcruntime_string.h
  Примечание: включение файла:         C:\Program Files (x86)\Windows Kits\10\Include\10.0.26100.0\ucrt\corecrt_wstring.h
  Примечание: включение файла:       C:\Program Files (x86)\Windows Kits\10\Include\10.0.26100.0\shared\pshpack4.h
  Примечание: включение файла:       C:\Program Files (x86)\Windows Kits\10\Include\10.0.26100.0\shared\poppack.h
  Примечание: включение файла:       C:\Program Files (x86)\Windows Kits\10\Include\10.0.26100.0\shared\pshpack4.h
  Примечание: включение файла:       C:\Program Files (x86)\Windows Kits\10\Include\10.0.26100.0\shared\poppack.h
  Примечание: включение файла:       C:\Program Files (x86)\Windows Kits\10\Include\10.0.26100.0\shared\pshpack4.h
  Примечание: включение файла:       C:\Program Files (x86)\Windows Kits\10\Include\10.0.26100.0\shared\pshpack2.h
  Примечание: включение файла:       C:\Program Files (x86)\Windows Kits\10\Include\10.0.26100.0\shared\poppack.h
  Примечание: включение файла:       C:\Program Files (x86)\Windows Kits\10\Include\10.0.26100.0\shared\pshpack2.h
  Примечание: включение файла:       C:\Program Files (x86)\Windows Kits\10\Include\10.0.26100.0\shared\pshpack2.h
  Примечание: включение файла:       C:\Program Files (x86)\Windows Kits\10\Include\10.0.26100.0\shared\poppack.h
  Примечание: включение файла:       C:\Program Files (x86)\Windows Kits\10\Include\10.0.26100.0\shared\poppack.h
  Примечание: включение файла:       C:\Program Files (x86)\Windows Kits\10\Include\10.0.26100.0\shared\pshpack8.h
  Примечание: включение файла:       C:\Program Files (x86)\Windows Kits\10\Include\10.0.26100.0\shared\poppack.h
  Примечание: включение файла:       C:\Program Files (x86)\Windows Kits\10\Include\10.0.26100.0\shared\pshpack1.h
  Примечание: включение файла:       C:\Program Files (x86)\Windows Kits\10\Include\10.0.26100.0\shared\poppack.h
  Примечание: включение файла:       C:\Program Files (x86)\Windows Kits\10\Include\10.0.26100.0\shared\pshpack1.h
  Примечание: включение файла:       C:\Program Files (x86)\Windows Kits\10\Include\10.0.26100.0\shared\poppack.h
  Примечание: включение файла:       C:\Program Files (x86)\Windows Kits\10\Include\10.0.26100.0\shared\poppack.h
  Примечание: включение файла:       C:\Program Files (x86)\Windows Kits\10\Include\10.0.26100.0\shared\apiset.h
  Примечание: включение файла:       C:\Program Files (x86)\Windows Kits\10\Include\10.0.26100.0\shared\ktmtypes.h
  Примечание: включение файла:    C:\Program Files (x86)\Windows Kits\10\Include\10.0.26100.0\um\winbase.h
  Примечание: включение файла:     C:\Program Files (x86)\Windows Kits\10\Include\10.0.26100.0\shared\apisetcconv.h
  Примечание: включение файла:     C:\Program Files (x86)\Windows Kits\10\Include\10.0.26100.0\um\minwinbase.h
  Примечание: включение файла:     C:\Program Files (x86)\Windows Kits\10\Include\10.0.26100.0\um\apiquery2.h
  Примечание: включение файла:     C:\Program Files (x86)\Windows Kits\10\Include\10.0.26100.0\um\processenv.h
  Примечание: включение файла:     C:\Program Files (x86)\Windows Kits\10\Include\10.0.26100.0\um\fileapifromapp.h
  Примечание: включение файла:      C:\Program Files (x86)\Windows Kits\10\Include\10.0.26100.0\um\fileapi.h
  Примечание: включение файла:     C:\Program Files (x86)\Windows Kits\10\Include\10.0.26100.0\um\debugapi.h
  Примечание: включение файла:     C:\Program Files (x86)\Windows Kits\10\Include\10.0.26100.0\um\utilapiset.h
  Примечание: включение файла:     C:\Program Files (x86)\Windows Kits\10\Include\10.0.26100.0\um\handleapi.h
  Примечание: включение файла:     C:\Program Files (x86)\Windows Kits\10\Include\10.0.26100.0\um\errhandlingapi.h
  Примечание: включение файла:     C:\Program Files (x86)\Windows Kits\10\Include\10.0.26100.0\um\fibersapi.h
  Примечание: включение файла:     C:\Program Files (x86)\Windows Kits\10\Include\10.0.26100.0\um\namedpipeapi.h
  Примечание: включение файла:     C:\Program Files (x86)\Windows Kits\10\Include\10.0.26100.0\um\profileapi.h
  Примечание: включение файла:     C:\Program Files (x86)\Windows Kits\10\Include\10.0.26100.0\um\heapapi.h
  Примечание: включение файла:     C:\Program Files (x86)\Windows Kits\10\Include\10.0.26100.0\um\ioapiset.h
  Примечание: включение файла:     C:\Program Files (x86)\Windows Kits\10\Include\10.0.26100.0\um\synchapi.h
  Примечание: включение файла:     C:\Program Files (x86)\Windows Kits\10\Include\10.0.26100.0\um\interlockedapi.h
  Примечание: включение файла:     C:\Program Files (x86)\Windows Kits\10\Include\10.0.26100.0\um\processthreadsapi.h
  Примечание: включение файла:     C:\Program Files (x86)\Windows Kits\10\Include\10.0.26100.0\um\sysinfoapi.h
  Примечание: включение файла:     C:\Program Files (x86)\Windows Kits\10\Include\10.0.26100.0\um\memoryapi.h
  Примечание: включение файла:     C:\Program Files (x86)\Windows Kits\10\Include\10.0.26100.0\um\enclaveapi.h
  Примечание: включение файла:     C:\Program Files (x86)\Windows Kits\10\Include\10.0.26100.0\um\threadpoollegacyapiset.h
  Примечание: включение файла:     C:\Program Files (x86)\Windows Kits\10\Include\10.0.26100.0\um\threadpoolapiset.h
  Примечание: включение файла:     C:\Program Files (x86)\Windows Kits\10\Include\10.0.26100.0\um\jobapi.h
  Примечание: включение файла:     C:\Program Files (x86)\Windows Kits\10\Include\10.0.26100.0\um\jobapi2.h
  Примечание: включение файла:     C:\Program Files (x86)\Windows Kits\10\Include\10.0.26100.0\um\wow64apiset.h
  Примечание: включение файла:     C:\Program Files (x86)\Windows Kits\10\Include\10.0.26100.0\um\libloaderapi.h
  Примечание: включение файла:     C:\Program Files (x86)\Windows Kits\10\Include\10.0.26100.0\um\securitybaseapi.h
  Примечание: включение файла:     C:\Program Files (x86)\Windows Kits\10\Include\10.0.26100.0\um\namespaceapi.h
  Примечание: включение файла:     C:\Program Files (x86)\Windows Kits\10\Include\10.0.26100.0\um\systemtopologyapi.h
  Примечание: включение файла:     C:\Program Files (x86)\Windows Kits\10\Include\10.0.26100.0\um\processtopologyapi.h
  Примечание: включение файла:     C:\Program Files (x86)\Windows Kits\10\Include\10.0.26100.0\um\securityappcontainer.h
  Примечание: включение файла:     C:\Program Files (x86)\Windows Kits\10\Include\10.0.26100.0\um\realtimeapiset.h
  Примечание: включение файла:     C:\Program Files (x86)\Windows Kits\10\Include\10.0.26100.0\shared\winerror.h
  Примечание: включение файла:     C:\Program Files (x86)\Windows Kits\10\Include\10.0.26100.0\um\timezoneapi.h
  Примечание: включение файла:    C:\Program Files (x86)\Windows Kits\10\Include\10.0.26100.0\um\wingdi.h
  Примечание: включение файла:     C:\Program Files (x86)\Windows Kits\10\Include\10.0.26100.0\shared\pshpack1.h
  Примечание: включение файла:     C:\Program Files (x86)\Windows Kits\10\Include\10.0.26100.0\shared\poppack.h
  Примечание: включение файла:     C:\Program Files (x86)\Windows Kits\10\Include\10.0.26100.0\shared\pshpack2.h
  Примечание: включение файла:     C:\Program Files (x86)\Windows Kits\10\Include\10.0.26100.0\shared\poppack.h
  Примечание: включение файла:     C:\Program Files (x86)\Windows Kits\10\Include\10.0.26100.0\shared\pshpack2.h
  Примечание: включение файла:     C:\Program Files (x86)\Windows Kits\10\Include\10.0.26100.0\shared\poppack.h
  Примечание: включение файла:     C:\Program Files (x86)\Windows Kits\10\Include\10.0.26100.0\shared\pshpack4.h
  Примечание: включение файла:     C:\Program Files (x86)\Windows Kits\10\Include\10.0.26100.0\shared\poppack.h
  Примечание: включение файла:     C:\Program Files (x86)\Windows Kits\10\Include\10.0.26100.0\shared\pshpack4.h
  Примечание: включение файла:     C:\Program Files (x86)\Windows Kits\10\Include\10.0.26100.0\shared\poppack.h
  Примечание: включение файла:    C:\Program Files (x86)\Windows Kits\10\Include\10.0.26100.0\um\winuser.h
  Примечание: включение файла:     C:\Program Files (x86)\Windows Kits\10\Include\10.0.26100.0\shared\pshpack2.h
  Примечание: включение файла:     C:\Program Files (x86)\Windows Kits\10\Include\10.0.26100.0\shared\poppack.h
  Примечание: включение файла:     C:\Program Files (x86)\Windows Kits\10\Include\10.0.26100.0\shared\tvout.h
  Примечание: включение файла:    C:\Program Files (x86)\Windows Kits\10\Include\10.0.26100.0\um\winnls.h
  Примечание: включение файла:     C:\Program Files (x86)\Windows Kits\10\Include\10.0.26100.0\um\datetimeapi.h
  Примечание: включение файла:     C:\Program Files (x86)\Windows Kits\10\Include\10.0.26100.0\um\stringapiset.h
  Примечание: включение файла:      C:\Program Files (x86)\Windows Kits\10\Include\10.0.26100.0\um\winnls.h
  Примечание: включение файла:    C:\Program Files (x86)\Windows Kits\10\Include\10.0.26100.0\um\wincon.h
  Примечание: включение файла:     C:\Program Files (x86)\Windows Kits\10\Include\10.0.26100.0\um\wincontypes.h
  Примечание: включение файла:     C:\Program Files (x86)\Windows Kits\10\Include\10.0.26100.0\um\consoleapi.h
  Примечание: включение файла:     C:\Program Files (x86)\Windows Kits\10\Include\10.0.26100.0\um\consoleapi2.h
  Примечание: включение файла:     C:\Program Files (x86)\Windows Kits\10\Include\10.0.26100.0\um\consoleapi3.h
  Примечание: включение файла:    C:\Program Files (x86)\Windows Kits\10\Include\10.0.26100.0\um\winver.h
  Примечание: включение файла:     C:\Program Files (x86)\Windows Kits\10\Include\10.0.26100.0\um\verrsrc.h
  Примечание: включение файла:    C:\Program Files (x86)\Windows Kits\10\Include\10.0.26100.0\um\winreg.h
  Примечание: включение файла:     C:\Program Files (x86)\Windows Kits\10\Include\10.0.26100.0\um\reason.h
  Примечание: включение файла:    C:\Program Files (x86)\Windows Kits\10\Include\10.0.26100.0\um\winnetwk.h
  Примечание: включение файла:     C:\Program Files (x86)\Windows Kits\10\Include\10.0.26100.0\shared\wnnc.h
  Примечание: включение файла:    C:\Program Files (x86)\Windows Kits\10\Include\10.0.26100.0\shared\cderr.h
  Примечание: включение файла:    C:\Program Files (x86)\Windows Kits\10\Include\10.0.26100.0\um\dde.h
  Примечание: включение файла:    C:\Program Files (x86)\Windows Kits\10\Include\10.0.26100.0\um\ddeml.h
  Примечание: включение файла:    C:\Program Files (x86)\Windows Kits\10\Include\10.0.26100.0\um\dlgs.h
  Примечание: включение файла:    C:\Program Files (x86)\Windows Kits\10\Include\10.0.26100.0\um\lzexpand.h
  Примечание: включение файла:    C:\Program Files (x86)\Windows Kits\10\Include\10.0.26100.0\um\mmsystem.h
  Примечание: включение файла:     C:\Program Files (x86)\Windows Kits\10\Include\10.0.26100.0\um\mmsyscom.h
  Примечание: включение файла:      C:\Program Files (x86)\Windows Kits\10\Include\10.0.26100.0\shared\pshpack1.h
  Примечание: включение файла:      C:\Program Files (x86)\Windows Kits\10\Include\10.0.26100.0\shared\poppack.h
  Примечание: включение файла:     C:\Program Files (x86)\Windows Kits\10\Include\10.0.26100.0\shared\pshpack1.h
  Примечание: включение файла:     C:\Program Files (x86)\Windows Kits\10\Include\10.0.26100.0\um\mciapi.h
  Примечание: включение файла:      C:\Program Files (x86)\Windows Kits\10\Include\10.0.26100.0\um\mmsyscom.h
  Примечание: включение файла:     C:\Program Files (x86)\Windows Kits\10\Include\10.0.26100.0\um\mmiscapi.h
  Примечание: включение файла:      C:\Program Files (x86)\Windows Kits\10\Include\10.0.26100.0\um\mmsyscom.h
  Примечание: включение файла:     C:\Program Files (x86)\Windows Kits\10\Include\10.0.26100.0\um\mmiscapi2.h
  Примечание: включение файла:      C:\Program Files (x86)\Windows Kits\10\Include\10.0.26100.0\um\mmsyscom.h
  Примечание: включение файла:     C:\Program Files (x86)\Windows Kits\10\Include\10.0.26100.0\um\playsoundapi.h
  Примечание: включение файла:      C:\Program Files (x86)\Windows Kits\10\Include\10.0.26100.0\um\mmsyscom.h
  Примечание: включение файла:     C:\Program Files (x86)\Windows Kits\10\Include\10.0.26100.0\um\mmeapi.h
  Примечание: включение файла:      C:\Program Files (x86)\Windows Kits\10\Include\10.0.26100.0\um\mmsyscom.h
  Примечание: включение файла:     C:\Program Files (x86)\Windows Kits\10\Include\10.0.26100.0\um\timeapi.h
  Примечание: включение файла:      C:\Program Files (x86)\Windows Kits\10\Include\10.0.26100.0\um\mmsyscom.h
  Примечание: включение файла:     C:\Program Files (x86)\Windows Kits\10\Include\10.0.26100.0\um\joystickapi.h
  Примечание: включение файла:      C:\Program Files (x86)\Windows Kits\10\Include\10.0.26100.0\um\mmsyscom.h
  Примечание: включение файла:     C:\Program Files (x86)\Windows Kits\10\Include\10.0.26100.0\shared\poppack.h
  Примечание: включение файла:    C:\Program Files (x86)\Windows Kits\10\Include\10.0.26100.0\um\nb30.h
  Примечание: включение файла:    C:\Program Files (x86)\Windows Kits\10\Include\10.0.26100.0\shared\rpc.h
  Примечание: включение файла:     C:\Program Files (x86)\Windows Kits\10\Include\10.0.26100.0\shared\pshpack8.h
  Примечание: включение файла:     C:\Program Files (x86)\Windows Kits\10\Include\10.0.26100.0\shared\rpcdce.h
  Примечание: включение файла:      C:\Program Files (x86)\Windows Kits\10\Include\10.0.26100.0\shared\rpcdcep.h
  Примечание: включение файла:     C:\Program Files (x86)\Windows Kits\10\Include\10.0.26100.0\um\rpcnsi.h
  Примечание: включение файла:     C:\Program Files (x86)\Windows Kits\10\Include\10.0.26100.0\shared\rpcnterr.h
  Примечание: включение файла:     C:\Program Files (x86)\Windows Kits\10\Include\10.0.26100.0\shared\rpcasync.h
  Примечание: включение файла:      C:\Program Files (x86)\Windows Kits\10\Include\10.0.26100.0\shared\pshpack8.h
  Примечание: включение файла:      C:\Program Files (x86)\Windows Kits\10\Include\10.0.26100.0\shared\poppack.h
  Примечание: включение файла:     C:\Program Files (x86)\Windows Kits\10\Include\10.0.26100.0\shared\poppack.h
  Примечание: включение файла:    C:\Program Files (x86)\Windows Kits\10\Include\10.0.26100.0\um\shellapi.h
  Примечание: включение файла:    C:\Program Files (x86)\Windows Kits\10\Include\10.0.26100.0\um\winperf.h
  Примечание: включение файла:     C:\Program Files (x86)\Windows Kits\10\Include\10.0.26100.0\shared\pshpack8.h
  Примечание: включение файла:     C:\Program Files (x86)\Windows Kits\10\Include\10.0.26100.0\shared\poppack.h
  Примечание: включение файла:    C:\Program Files (x86)\Windows Kits\10\Include\10.0.26100.0\um\winsock.h
  Примечание: включение файла:     C:\Program Files (x86)\Windows Kits\10\Include\10.0.26100.0\shared\inaddr.h
  Примечание: включение файла:    C:\Program Files (x86)\Windows Kits\10\Include\10.0.26100.0\um\wincrypt.h
  Примечание: включение файла:     C:\Program Files (x86)\Windows Kits\10\Include\10.0.26100.0\shared\bcrypt.h
  Примечание: включение файла:     C:\Program Files (x86)\Windows Kits\10\Include\10.0.26100.0\um\ncrypt.h
  Примечание: включение файла:     C:\Program Files (x86)\Windows Kits\10\Include\10.0.26100.0\um\dpapi.h
  Примечание: включение файла:    C:\Program Files (x86)\Windows Kits\10\Include\10.0.26100.0\um\winefs.h
  Примечание: включение файла:    C:\Program Files (x86)\Windows Kits\10\Include\10.0.26100.0\um\winscard.h
  Примечание: включение файла:     C:\Program Files (x86)\Windows Kits\10\Include\10.0.26100.0\shared\wtypes.h
  Примечание: включение файла:      C:\Program Files (x86)\Windows Kits\10\Include\10.0.26100.0\shared\rpcndr.h
  Примечание: включение файла:       C:\Program Files (x86)\Windows Kits\10\Include\10.0.26100.0\shared\pshpack8.h
  Примечание: включение файла:       C:\Program Files (x86)\Windows Kits\10\Include\10.0.26100.0\um\rpcnsip.h
  Примечание: включение файла:       C:\Program Files (x86)\Windows Kits\10\Include\10.0.26100.0\shared\rpcsal.h
  Примечание: включение файла:       C:\Program Files (x86)\Windows Kits\10\Include\10.0.26100.0\shared\poppack.h
  Примечание: включение файла:      C:\Program Files (x86)\Windows Kits\10\Include\10.0.26100.0\shared\wtypesbase.h
  Примечание: включение файла:       C:\Program Files (x86)\Windows Kits\10\Include\10.0.26100.0\shared\guiddef.h
  Примечание: включение файла:     C:\Program Files (x86)\Windows Kits\10\Include\10.0.26100.0\um\winioctl.h
  Примечание: включение файла:      C:\Program Files (x86)\Windows Kits\10\Include\10.0.26100.0\shared\pshpack1.h
  Примечание: включение файла:      C:\Program Files (x86)\Windows Kits\10\Include\10.0.26100.0\shared\poppack.h
  Примечание: включение файла:      C:\Program Files (x86)\Windows Kits\10\Include\10.0.26100.0\shared\pshpack1.h
  Примечание: включение файла:      C:\Program Files (x86)\Windows Kits\10\Include\10.0.26100.0\shared\poppack.h
  Примечание: включение файла:      C:\Program Files (x86)\Windows Kits\10\Include\10.0.26100.0\shared\pshpack1.h
  Примечание: включение файла:      C:\Program Files (x86)\Windows Kits\10\Include\10.0.26100.0\shared\poppack.h
  Примечание: включение файла:      C:\Program Files (x86)\Windows Kits\10\Include\10.0.26100.0\shared\pshpack1.h
  Примечание: включение файла:      C:\Program Files (x86)\Windows Kits\10\Include\10.0.26100.0\shared\poppack.h
  Примечание: включение файла:      C:\Program Files (x86)\Windows Kits\10\Include\10.0.26100.0\shared\pshpack1.h
  Примечание: включение файла:      C:\Program Files (x86)\Windows Kits\10\Include\10.0.26100.0\shared\poppack.h
  Примечание: включение файла:      C:\Program Files (x86)\Windows Kits\10\Include\10.0.26100.0\shared\pshpack1.h
  Примечание: включение файла:      C:\Program Files (x86)\Windows Kits\10\Include\10.0.26100.0\shared\poppack.h
  Примечание: включение файла:      C:\Program Files (x86)\Windows Kits\10\Include\10.0.26100.0\shared\pshpack1.h
  Примечание: включение файла:      C:\Program Files (x86)\Windows Kits\10\Include\10.0.26100.0\shared\poppack.h
  Примечание: включение файла:     C:\Program Files (x86)\Windows Kits\10\Include\10.0.26100.0\shared\winsmcrd.h
  Примечание: включение файла:    C:\Program Files (x86)\Windows Kits\10\Include\10.0.26100.0\um\winspool.h
  Примечание: включение файла:     C:\Program Files (x86)\Windows Kits\10\Include\10.0.26100.0\um\prsht.h
  Примечание: включение файла:      C:\Program Files (x86)\Windows Kits\10\Include\10.0.26100.0\shared\pshpack8.h
  Примечание: включение файла:      C:\Program Files (x86)\Windows Kits\10\Include\10.0.26100.0\shared\poppack.h
  Примечание: включение файла:    C:\Program Files (x86)\Windows Kits\10\Include\10.0.26100.0\um\ole2.h
  Примечание: включение файла:     C:\Program Files (x86)\Windows Kits\10\Include\10.0.26100.0\shared\pshpack8.h
  Примечание: включение файла:     C:\Program Files (x86)\Windows Kits\10\Include\10.0.26100.0\um\objbase.h
  Примечание: включение файла:      C:\Program Files (x86)\Windows Kits\10\Include\10.0.26100.0\shared\pshpack8.h
  Примечание: включение файла:      C:\Program Files (x86)\Windows Kits\10\Include\10.0.26100.0\um\combaseapi.h
  Примечание: включение файла:       C:\Program Files (x86)\Windows Kits\10\Include\10.0.26100.0\shared\pshpack8.h
  Примечание: включение файла:       C:\Program Files (x86)\Windows Kits\10\Include\10.0.26100.0\ucrt\stdlib.h
  Примечание: включение файла:        C:\Program Files (x86)\Windows Kits\10\Include\10.0.26100.0\ucrt\corecrt_malloc.h
  Примечание: включение файла:        C:\Program Files (x86)\Windows Kits\10\Include\10.0.26100.0\ucrt\corecrt_search.h
  Примечание: включение файла:         C:\Program Files (x86)\Windows Kits\10\Include\10.0.26100.0\ucrt\stddef.h
  Примечание: включение файла:        C:\Program Files (x86)\Windows Kits\10\Include\10.0.26100.0\ucrt\corecrt_wstdlib.h
  Примечание: включение файла:        C:\Program Files\Microsoft Visual Studio\2022\Community\VC\Tools\MSVC\14.44.35207\include\limits.h
  Примечание: включение файла:       C:\Program Files (x86)\Windows Kits\10\Include\10.0.26100.0\um\unknwnbase.h
  Примечание: включение файла:       C:\Program Files (x86)\Windows Kits\10\Include\10.0.26100.0\um\objidlbase.h
  Примечание: включение файла:       C:\Program Files (x86)\Windows Kits\10\Include\10.0.26100.0\shared\guiddef.h
  Примечание: включение файла:       C:\Program Files (x86)\Windows Kits\10\Include\10.0.26100.0\um\cguid.h
  Примечание: включение файла:       C:\Program Files (x86)\Windows Kits\10\Include\10.0.26100.0\shared\poppack.h
  Примечание: включение файла:      C:\Program Files (x86)\Windows Kits\10\Include\10.0.26100.0\um\coml2api.h
  Примечание: включение файла:       C:\Program Files (x86)\Windows Kits\10\Include\10.0.26100.0\um\objidl.h
  Примечание: включение файла:        C:\Program Files (x86)\Windows Kits\10\Include\10.0.26100.0\um\unknwn.h
  Примечание: включение файла:       C:\Program Files (x86)\Windows Kits\10\Include\10.0.26100.0\um\propidlbase.h
  Примечание: включение файла:        C:\Program Files (x86)\Windows Kits\10\Include\10.0.26100.0\um\oaidl.h
  Примечание: включение файла:      C:\Program Files (x86)\Windows Kits\10\Include\10.0.26100.0\um\urlmon.h
  Примечание: включение файла:       C:\Program Files (x86)\Windows Kits\10\Include\10.0.26100.0\um\oleidl.h
  Примечание: включение файла:       C:\Program Files (x86)\Windows Kits\10\Include\10.0.26100.0\um\servprov.h
  Примечание: включение файла:       C:\Program Files (x86)\Windows Kits\10\Include\10.0.26100.0\um\msxml.h
  Примечание: включение файла:      C:\Program Files (x86)\Windows Kits\10\Include\10.0.26100.0\um\propidl.h
  Примечание: включение файла:      C:\Program Files (x86)\Windows Kits\10\Include\10.0.26100.0\shared\poppack.h
  Примечание: включение файла:     C:\Program Files (x86)\Windows Kits\10\Include\10.0.26100.0\um\oleauto.h
  Примечание: включение файла:      C:\Program Files (x86)\Windows Kits\10\Include\10.0.26100.0\shared\pshpack8.h
  Примечание: включение файла:      C:\Program Files (x86)\Windows Kits\10\Include\10.0.26100.0\shared\poppack.h
  Примечание: включение файла:     C:\Program Files (x86)\Windows Kits\10\Include\10.0.26100.0\shared\poppack.h
  Примечание: включение файла:    C:\Program Files (x86)\Windows Kits\10\Include\10.0.26100.0\um\commdlg.h
  Примечание: включение файла:     C:\Program Files (x86)\Windows Kits\10\Include\10.0.26100.0\um\prsht.h
  Примечание: включение файла:    C:\Program Files (x86)\Windows Kits\10\Include\10.0.26100.0\shared\stralign.h
  Примечание: включение файла:    C:\Program Files (x86)\Windows Kits\10\Include\10.0.26100.0\um\winsvc.h
  Примечание: включение файла:    C:\Program Files (x86)\Windows Kits\10\Include\10.0.26100.0\um\mcx.h
  Примечание: включение файла:    C:\Program Files (x86)\Windows Kits\10\Include\10.0.26100.0\um\imm.h
  Примечание: включение файла:     C:\Program Files (x86)\Windows Kits\10\Include\10.0.26100.0\um\ime_cmodes.h
  Примечание: включение файла:  C:\Users\MSI-Crosshair16\Documents\vyz\piavy\sem2\kyrsach\kirsov\kirsov\Menu.h
  Примечание: включение файла:  C:\Program Files (x86)\Windows Kits\10\Include\10.0.26100.0\um\gdiplus.h
  Примечание: включение файла:   C:\Program Files (x86)\Windows Kits\10\Include\10.0.26100.0\shared\pshpack8.h
  Примечание: включение файла:   C:\Program Files (x86)\Windows Kits\10\Include\10.0.26100.0\um\GdiplusMem.h
  Примечание: включение файла:   C:\Program Files (x86)\Windows Kits\10\Include\10.0.26100.0\um\GdiplusBase.h
  Примечание: включение файла:   C:\Program Files (x86)\Windows Kits\10\Include\10.0.26100.0\um\GdiplusEnums.h
  Примечание: включение файла:   C:\Program Files (x86)\Windows Kits\10\Include\10.0.26100.0\um\GdiplusTypes.h
  Примечание: включение файла:   C:\Program Files (x86)\Windows Kits\10\Include\10.0.26100.0\um\GdiplusInit.h
  Примечание: включение файла:   C:\Program Files (x86)\Windows Kits\10\Include\10.0.26100.0\um\GdiplusPixelFormats.h
  Примечание: включение файла:   C:\Program Files (x86)\Windows Kits\10\Include\10.0.26100.0\um\GdiplusColor.h
  Примечание: включение файла:   C:\Program Files (x86)\Windows Kits\10\Include\10.0.26100.0\um\GdiplusMetaHeader.h
  Примечание: включение файла:    C:\Program Files (x86)\Windows Kits\10\Include\10.0.26100.0\shared\pshpack2.h
  Примечание: включение файла:    C:\Program Files (x86)\Windows Kits\10\Include\10.0.26100.0\shared\poppack.h
  Примечание: включение файла:   C:\Program Files (x86)\Windows Kits\10\Include\10.0.26100.0\um\GdiplusImaging.h
  Примечание: включение файла:   C:\Program Files (x86)\Windows Kits\10\Include\10.0.26100.0\um\GdiplusColorMatrix.h
  Примечание: включение файла:   C:\Program Files (x86)\Windows Kits\10\Include\10.0.26100.0\um\GdiplusGpStubs.h
  Примечание: включение файла:   C:\Program Files (x86)\Windows Kits\10\Include\10.0.26100.0\um\GdiplusHeaders.h
  Примечание: включение файла:   C:\Program Files (x86)\Windows Kits\10\Include\10.0.26100.0\um\GdiplusFlat.h
  Примечание: включение файла:   C:\Program Files (x86)\Windows Kits\10\Include\10.0.26100.0\um\GdiplusImageAttributes.h
  Примечание: включение файла:   C:\Program Files (x86)\Windows Kits\10\Include\10.0.26100.0\um\GdiplusMatrix.h
  Примечание: включение файла:   C:\Program Files (x86)\Windows Kits\10\Include\10.0.26100.0\um\GdiplusBrush.h
  Примечание: включение файла:   C:\Program Files (x86)\Windows Kits\10\Include\10.0.26100.0\um\GdiplusPen.h
  Примечание: включение файла:   C:\Program Files (x86)\Windows Kits\10\Include\10.0.26100.0\um\GdiplusStringFormat.h
  Примечание: включение файла:   C:\Program Files (x86)\Windows Kits\10\Include\10.0.26100.0\um\GdiplusPath.h
  Примечание: включение файла:   C:\Program Files (x86)\Windows Kits\10\Include\10.0.26100.0\um\GdiplusLineCaps.h
  Примечание: включение файла:   C:\Program Files (x86)\Windows Kits\10\Include\10.0.26100.0\um\GdiplusGraphics.h
  Примечание: включение файла:   C:\Program Files (x86)\Windows Kits\10\Include\10.0.26100.0\um\GdiplusMetafile.h
  Примечание: включение файла:   C:\Program Files (x86)\Windows Kits\10\Include\10.0.26100.0\um\GdiplusCachedBitmap.h
  Примечание: включение файла:   C:\Program Files (x86)\Windows Kits\10\Include\10.0.26100.0\um\GdiplusRegion.h
  Примечание: включение файла:   C:\Program Files (x86)\Windows Kits\10\Include\10.0.26100.0\um\GdiplusFontCollection.h
  Примечание: включение файла:   C:\Program Files (x86)\Windows Kits\10\Include\10.0.26100.0\um\GdiplusFontFamily.h
  Примечание: включение файла:   C:\Program Files (x86)\Windows Kits\10\Include\10.0.26100.0\um\GdiplusFont.h
  Примечание: включение файла:   C:\Program Files (x86)\Windows Kits\10\Include\10.0.26100.0\um\GdiplusBitmap.h
  Примечание: включение файла:   C:\Program Files (x86)\Windows Kits\10\Include\10.0.26100.0\um\GdiplusImageCodec.h
  Примечание: включение файла:   C:\Program Files (x86)\Windows Kits\10\Include\10.0.26100.0\shared\poppack.h
  kirsov.vcxproj -> C:\Users\MSI-Crosshair16\Documents\vyz\piavy\sem2\kyrsach\kirsov\x64\Debug\kirsov.exe
